<?xml version="1.0" encoding="UTF-8"?>
<testng-results ignored="0" total="1" passed="1" failed="0" skipped="0">
  <reporter-output>
  </reporter-output>
  <suite started-at="2023-11-17T04:29:34 PST" name="Default suite" finished-at="2023-11-17T04:29:43 PST" duration-ms="9464">
    <groups>
    </groups>
    <test started-at="2023-11-17T04:29:34 PST" name="Default test" finished-at="2023-11-17T04:29:43 PST" duration-ms="9464">
      <class name="Almosafer">
        <test-method is-config="true" signature="myBeforeTest()[pri:0, instance:Almosafer@352c308]" started-at="2023-11-17T04:29:34 PST" name="myBeforeTest" finished-at="2023-11-17T04:29:34 PST" duration-ms="14" status="PASS">
          <reporter-output>
          </reporter-output>
        </test-method> <!-- myBeforeTest -->
        <test-method signature="myTestCurrancy()[pri:0, instance:Almosafer@352c308]" started-at="2023-11-17T04:29:34 PST" name="myTestCurrancy" finished-at="2023-11-17T04:29:43 PST" duration-ms="9385" status="PASS">
          <reporter-output>
          </reporter-output>
        </test-method> <!-- myTestCurrancy -->
        <test-method is-config="true" signature="myAfterTest()[pri:0, instance:Almosafer@352c308]" started-at="2023-11-17T04:29:43 PST" name="myAfterTest" finished-at="2023-11-17T04:29:43 PST" duration-ms="0" status="PASS">
          <reporter-output>
          </reporter-output>
        </test-method> <!-- myAfterTest -->
      </class> <!-- Almosafer -->
    </test> <!-- Default test -->
  </suite> <!-- Default suite -->
</testng-results>
